<?xml version="1.0" encoding="UTF-8"?>
<!-- Generated by org.testng.reporters.JUnitReportReporter -->
<testsuite skipped="0" hostname="SWL067" name="scrmpro.testcases.com.LoginModule" tests="3" failures="0" timestamp="06 Nov 2017 09:56:31 GMT" time="45.994" errors="0">
  <testcase name="validLogin" time="11.483" classname="scrmpro.testcases.com.LoginModule"/>
  <testcase name="validLogin" time="24.487" classname="scrmpro.testcases.com.LoginModule"/>
  <testcase name="validLogin" time="10.024" classname="scrmpro.testcases.com.LoginModule"/>
</testsuite> <!-- scrmpro.testcases.com.LoginModule -->
