<?xml version="1.0" encoding="UTF-8"?>
<!-- Generated by org.testng.reporters.JUnitReportReporter -->
<testsuite skipped="1" hostname="SWL067" name="scrmpro.testcases.com.OppModule" tests="3" failures="0" timestamp="23 Nov 2017 07:49:00 GMT" time="44.070" errors="0">
  <testcase name="ConvertOpptoQuote" time="23.881" classname="scrmpro.testcases.com.OppModule"/>
  <testcase name="NavigateOnOppModule" time="20.189" classname="scrmpro.testcases.com.OppModule"/>
  <testcase name="VerifyMandatoryField" classname="scrmpro.testcases.com.OppModule">
    <skipped/>
  </testcase> <!-- VerifyMandatoryField -->
</testsuite> <!-- scrmpro.testcases.com.OppModule -->
