<?xml version="1.0" encoding="UTF-8"?>
<!-- Generated by org.testng.reporters.JUnitReportReporter -->
<testsuite skipped="3" hostname="SWL067" name="scrmpro.testcases.com.QuoteModule" tests="4" failures="0" timestamp="22 Nov 2017 06:58:24 GMT" time="26.146" errors="0">
  <testcase name="CreateQuoteFromOpp" time="26.146" classname="scrmpro.testcases.com.QuoteModule"/>
  <testcase name="CreateQuotefromQuotemodule" classname="scrmpro.testcases.com.QuoteModule">
    <skipped/>
  </testcase> <!-- CreateQuotefromQuotemodule -->
  <testcase name="NaviagteToQuote" classname="scrmpro.testcases.com.QuoteModule">
    <skipped/>
  </testcase> <!-- NaviagteToQuote -->
  <testcase name="VerifyQuoteMandetoryField" classname="scrmpro.testcases.com.QuoteModule">
    <skipped/>
  </testcase> <!-- VerifyQuoteMandetoryField -->
</testsuite> <!-- scrmpro.testcases.com.QuoteModule -->
